node:events:485
      throw er; // Unhandled 'error' event
      ^

Error: listen EADDRINUSE: address already in use :::3003
    at Server.setupListenHandle [as _listen2] (node:net:1940:16)
    at listenInCluster (node:net:1997:12)
    at Server.listen (node:net:2102:7)
    at Object.<anonymous> (/Users/dhruv/Desktop/Go--eye-app/Eyejack-mobile-app/backend/src/realtime-server.js:460:8)
    at Module._compile (node:internal/modules/cjs/loader:1692:14)
    at Object..js (node:internal/modules/cjs/loader:1824:10)
    at Module.load (node:internal/modules/cjs/loader:1427:32)
    at Module._load (node:internal/modules/cjs/load🔄 SIGTERM received, shutting down gracefully
✅ Server closed
nel:322:14)
    at wrapModuleLoad (node:internal/modules/cjs/loader:235:24)
Emitted 'error' event on Server instance at:
    at emitErrorNT (node:net:1976:8)
    at process.processTicksAndRejections (node:internal/process/task_queues:90:21) {
  code: 'EADDRINUSE',
  errno: -48,
  syscall: 'listen',
  address: '::',
  port: 3003
}

Node.js v24.4.1
